  [1m[35m (299.8ms)[0m  [1m[35mCREATE TABLE "schema_migrations" ("version" character varying NOT NULL PRIMARY KEY)[0m
  [1m[35m (299.0ms)[0m  [1m[35mCREATE TABLE "ar_internal_metadata" ("key" character varying NOT NULL PRIMARY KEY, "value" character varying, "created_at" timestamp NOT NULL, "updated_at" timestamp NOT NULL)[0m
  [1m[35m (0.3ms)[0m  [1m[34mSELECT pg_try_advisory_lock(4346549080646495835)[0m
  [1m[35m (0.7ms)[0m  [1m[34mSELECT "schema_migrations"."version" FROM "schema_migrations" ORDER BY "schema_migrations"."version" ASC[0m
Migrating to CreateUsers (20180724162624)
  [1m[35m (0.2ms)[0m  [1m[35mBEGIN[0m
  [1m[35m (0.2ms)[0m  [1m[31mROLLBACK[0m
  [1m[35m (0.3ms)[0m  [1m[34mSELECT pg_advisory_unlock(4346549080646495835)[0m
  [1m[35m (0.3ms)[0m  [1m[34mSELECT pg_try_advisory_lock(4346549080646495835)[0m
  [1m[35m (0.9ms)[0m  [1m[34mSELECT "schema_migrations"."version" FROM "schema_migrations" ORDER BY "schema_migrations"."version" ASC[0m
Migrating to CreateUsers (20180724163350)
  [1m[35m (0.3ms)[0m  [1m[35mBEGIN[0m
  [1m[35m (82.5ms)[0m  [1m[35mCREATE TABLE "users" ("id" bigserial primary key, "email" character varying, "created_at" timestamp NOT NULL, "updated_at" timestamp NOT NULL)[0m
  [1m[35mSQL (0.6ms)[0m  [1m[32mINSERT INTO "schema_migrations" ("version") VALUES ($1) RETURNING "version"[0m  [["version", "20180724163350"]]
  [1m[35m (21.3ms)[0m  [1m[35mCOMMIT[0m
  [1m[36mActiveRecord::InternalMetadata Load (0.5ms)[0m  [1m[34mSELECT  "ar_internal_metadata".* FROM "ar_internal_metadata" WHERE "ar_internal_metadata"."key" = $1 LIMIT $2[0m  [["key", "environment"], ["LIMIT", 1]]
  [1m[35m (0.2ms)[0m  [1m[35mBEGIN[0m
  [1m[35mSQL (0.6ms)[0m  [1m[32mINSERT INTO "ar_internal_metadata" ("key", "value", "created_at", "updated_at") VALUES ($1, $2, $3, $4) RETURNING "key"[0m  [["key", "environment"], ["value", "development"], ["created_at", "2018-07-24 16:34:02.674240"], ["updated_at", "2018-07-24 16:34:02.674240"]]
  [1m[35m (8.3ms)[0m  [1m[35mCOMMIT[0m
  [1m[35m (0.3ms)[0m  [1m[34mSELECT pg_advisory_unlock(4346549080646495835)[0m
  [1m[35m (0.5ms)[0m  [1m[34mSELECT "schema_migrations"."version" FROM "schema_migrations" ORDER BY "schema_migrations"."version" ASC[0m
Started GET "/imports" for 127.0.0.1 at 2018-07-24 19:34:17 +0300
  [1m[35m (0.7ms)[0m  [1m[34mSELECT "schema_migrations"."version" FROM "schema_migrations" ORDER BY "schema_migrations"."version" ASC[0m
  
ActionController::RoutingError (No route matches [GET] "/imports"):
  
actionpack (5.1.6) lib/action_dispatch/middleware/debug_exceptions.rb:63:in `call'
web-console (3.6.2) lib/web_console/middleware.rb:135:in `call_app'
web-console (3.6.2) lib/web_console/middleware.rb:30:in `block in call'
web-console (3.6.2) lib/web_console/middleware.rb:20:in `catch'
web-console (3.6.2) lib/web_console/middleware.rb:20:in `call'
actionpack (5.1.6) lib/action_dispatch/middleware/show_exceptions.rb:31:in `call'
railties (5.1.6) lib/rails/rack/logger.rb:36:in `call_app'
railties (5.1.6) lib/rails/rack/logger.rb:24:in `block in call'
activesupport (5.1.6) lib/active_support/tagged_logging.rb:69:in `block in tagged'
activesupport (5.1.6) lib/active_support/tagged_logging.rb:26:in `tagged'
activesupport (5.1.6) lib/active_support/tagged_logging.rb:69:in `tagged'
railties (5.1.6) lib/rails/rack/logger.rb:24:in `call'
sprockets-rails (3.2.1) lib/sprockets/rails/quiet_assets.rb:13:in `call'
actionpack (5.1.6) lib/action_dispatch/middleware/remote_ip.rb:79:in `call'
actionpack (5.1.6) lib/action_dispatch/middleware/request_id.rb:25:in `call'
rack (2.0.5) lib/rack/method_override.rb:22:in `call'
rack (2.0.5) lib/rack/runtime.rb:22:in `call'
activesupport (5.1.6) lib/active_support/cache/strategy/local_cache_middleware.rb:27:in `call'
actionpack (5.1.6) lib/action_dispatch/middleware/executor.rb:12:in `call'
actionpack (5.1.6) lib/action_dispatch/middleware/static.rb:125:in `call'
rack (2.0.5) lib/rack/sendfile.rb:111:in `call'
railties (5.1.6) lib/rails/engine.rb:522:in `call'
puma (3.12.0) lib/puma/configuration.rb:225:in `call'
puma (3.12.0) lib/puma/server.rb:658:in `handle_request'
puma (3.12.0) lib/puma/server.rb:472:in `process_client'
puma (3.12.0) lib/puma/server.rb:332:in `block in run'
puma (3.12.0) lib/puma/thread_pool.rb:133:in `block in spawn_thread'
Started GET "/" for 127.0.0.1 at 2018-07-24 19:34:19 +0300
Processing by Rails::WelcomeController#index as HTML
  Rendering /home/olko/.rbenv/versions/2.5.0/lib/ruby/gems/2.5.0/gems/railties-5.1.6/lib/rails/templates/rails/welcome/index.html.erb
  Rendered /home/olko/.rbenv/versions/2.5.0/lib/ruby/gems/2.5.0/gems/railties-5.1.6/lib/rails/templates/rails/welcome/index.html.erb (2.5ms)
Completed 200 OK in 24ms (Views: 4.2ms | ActiveRecord: 0.0ms)


Started GET "/" for 127.0.0.1 at 2018-07-24 19:34:55 +0300
Processing by UsersController#index as HTML
  Rendering users/index.html.erb within layouts/application
  [1m[36mUser Load (0.6ms)[0m  [1m[34mSELECT "users".* FROM "users"[0m
  Rendered users/index.html.erb within layouts/application (4.9ms)
Completed 200 OK in 1289ms (Views: 1282.9ms | ActiveRecord: 2.3ms)


Started GET "/users/new" for 127.0.0.1 at 2018-07-24 19:35:37 +0300
  [1m[35m (0.9ms)[0m  [1m[34mSELECT "schema_migrations"."version" FROM "schema_migrations" ORDER BY "schema_migrations"."version" ASC[0m
Processing by UsersController#new as HTML
  Rendering users/new.html.erb within layouts/application
  Rendered users/_form.html.erb (64.1ms)
  Rendered users/new.html.erb within layouts/application (66.1ms)
Completed 200 OK in 329ms (Views: 306.2ms | ActiveRecord: 4.7ms)


Started POST "/users" for 127.0.0.1 at 2018-07-24 19:35:42 +0300
Processing by UsersController#create as HTML
  Parameters: {"utf8"=>"✓", "authenticity_token"=>"e5z2h/UpQ0Tn3m5Ql40/N2QBOewaVucCtOLkSTqvMnMYqv5g5+YmaSATBo0KY4X5+m4Typh8QRKgwEZCeJwH6w==", "user"=>{"email"=>"oleg@gmail.com"}, "commit"=>"Create User"}
  [1m[35m (0.2ms)[0m  [1m[35mBEGIN[0m
  [1m[35mSQL (0.8ms)[0m  [1m[32mINSERT INTO "users" ("email", "created_at", "updated_at") VALUES ($1, $2, $3) RETURNING "id"[0m  [["email", "oleg@gmail.com"], ["created_at", "2018-07-24 16:35:42.077044"], ["updated_at", "2018-07-24 16:35:42.077044"]]
  [1m[35m (75.5ms)[0m  [1m[35mCOMMIT[0m
Redirected to http://localhost:3000/users/1
Completed 302 Found in 81ms (ActiveRecord: 76.5ms)


Started GET "/users/1" for 127.0.0.1 at 2018-07-24 19:35:42 +0300
Processing by UsersController#show as HTML
  Parameters: {"id"=>"1"}
  [1m[36mUser Load (0.4ms)[0m  [1m[34mSELECT  "users".* FROM "users" WHERE "users"."id" = $1 LIMIT $2[0m  [["id", 1], ["LIMIT", 1]]
  Rendering users/show.html.erb within layouts/application
  Rendered users/show.html.erb within layouts/application (0.8ms)
Completed 200 OK in 46ms (Views: 17.9ms | ActiveRecord: 0.7ms)


  [1m[35m (0.3ms)[0m  [1m[35mBEGIN[0m
  [1m[35mSQL (14.6ms)[0m  [1m[32mINSERT INTO "users" ("id", "email", "created_at", "updated_at") VALUES ($1, $2, $3, $4) RETURNING "id"[0m  [["id", 5], ["email", "bla@mail.com"], ["created_at", "2018-07-26 16:03:07.770596"], ["updated_at", "2018-07-26 16:03:07.770596"]]
  [1m[35m (19.9ms)[0m  [1m[35mCOMMIT[0m
  [1m[36mUser Load (0.4ms)[0m  [1m[34mSELECT  "users".* FROM "users" ORDER BY "users"."id" DESC LIMIT $1[0m  [["LIMIT", 1]]
  [1m[35m (0.3ms)[0m  [1m[35mBEGIN[0m
  [1m[35mSQL (39.9ms)[0m  [1m[32mINSERT INTO "users" ("email", "created_at", "updated_at") VALUES ($1, $2, $3) RETURNING "id"[0m  [["email", "bla@mail.com"], ["created_at", "2018-07-26 16:03:24.899186"], ["updated_at", "2018-07-26 16:03:24.899186"]]
  [1m[35m (39.6ms)[0m  [1m[35mCOMMIT[0m
  [1m[36mUser Load (0.4ms)[0m  [1m[34mSELECT  "users".* FROM "users" LIMIT $1[0m  [["LIMIT", 11]]
  [1m[35m (0.3ms)[0m  [1m[35mBEGIN[0m
  [1m[35mSQL (0.5ms)[0m  [1m[32mINSERT INTO "users" ("email", "created_at", "updated_at") VALUES ($1, $2, $3) RETURNING "id"[0m  [["email", "bla@mail.com"], ["created_at", "2018-07-26 16:04:06.582567"], ["updated_at", "2018-07-26 16:04:06.582567"]]
  [1m[35m (16.9ms)[0m  [1m[35mCOMMIT[0m
  [1m[35m (0.2ms)[0m  [1m[35mBEGIN[0m
  [1m[35mSQL (0.4ms)[0m  [1m[32mINSERT INTO "users" ("email", "created_at", "updated_at") VALUES ($1, $2, $3) RETURNING "id"[0m  [["email", "bla@mail.com"], ["created_at", "2018-07-26 16:04:07.345527"], ["updated_at", "2018-07-26 16:04:07.345527"]]
  [1m[35m (9.7ms)[0m  [1m[35mCOMMIT[0m
  [1m[35m (0.3ms)[0m  [1m[35mBEGIN[0m
  [1m[35mSQL (19.1ms)[0m  [1m[32mINSERT INTO "users" ("email", "created_at", "updated_at") VALUES ($1, $2, $3) RETURNING "id"[0m  [["email", "bla@mail.com"], ["created_at", "2018-07-26 16:04:08.045343"], ["updated_at", "2018-07-26 16:04:08.045343"]]
  [1m[35m (0.2ms)[0m  [1m[31mROLLBACK[0m
  [1m[35m (0.2ms)[0m  [1m[35mBEGIN[0m
  [1m[35mSQL (0.5ms)[0m  [1m[32mINSERT INTO "users" ("email", "created_at", "updated_at") VALUES ($1, $2, $3) RETURNING "id"[0m  [["email", "bla@mail.com"], ["created_at", "2018-07-26 16:04:24.524688"], ["updated_at", "2018-07-26 16:04:24.524688"]]
  [1m[35m (21.0ms)[0m  [1m[35mCOMMIT[0m
  [1m[36mUser Load (0.5ms)[0m  [1m[34mSELECT "users".* FROM "users"[0m
  [1m[35m (0.2ms)[0m  [1m[35mBEGIN[0m
  [1m[35mSQL (0.7ms)[0m  [1m[31mDELETE FROM "users" WHERE "users"."id" = $1[0m  [["id", 1]]
  [1m[35m (14.6ms)[0m  [1m[35mCOMMIT[0m
  [1m[35m (0.2ms)[0m  [1m[35mBEGIN[0m
  [1m[35mSQL (0.4ms)[0m  [1m[31mDELETE FROM "users" WHERE "users"."id" = $1[0m  [["id", 5]]
  [1m[35m (9.5ms)[0m  [1m[35mCOMMIT[0m
  [1m[35m (0.2ms)[0m  [1m[35mBEGIN[0m
  [1m[35mSQL (0.5ms)[0m  [1m[31mDELETE FROM "users" WHERE "users"."id" = $1[0m  [["id", 2]]
  [1m[35m (9.3ms)[0m  [1m[35mCOMMIT[0m
  [1m[35m (0.2ms)[0m  [1m[35mBEGIN[0m
  [1m[35mSQL (0.4ms)[0m  [1m[31mDELETE FROM "users" WHERE "users"."id" = $1[0m  [["id", 3]]
  [1m[35m (9.3ms)[0m  [1m[35mCOMMIT[0m
  [1m[35m (0.2ms)[0m  [1m[35mBEGIN[0m
  [1m[35mSQL (0.4ms)[0m  [1m[31mDELETE FROM "users" WHERE "users"."id" = $1[0m  [["id", 4]]
  [1m[35m (9.2ms)[0m  [1m[35mCOMMIT[0m
  [1m[35m (0.2ms)[0m  [1m[35mBEGIN[0m
  [1m[35mSQL (0.5ms)[0m  [1m[31mDELETE FROM "users" WHERE "users"."id" = $1[0m  [["id", 6]]
  [1m[35m (9.3ms)[0m  [1m[35mCOMMIT[0m
  [1m[35m (0.3ms)[0m  [1m[35mBEGIN[0m
  [1m[35mSQL (0.5ms)[0m  [1m[32mINSERT INTO "users" ("email", "created_at", "updated_at") VALUES ($1, $2, $3) RETURNING "id"[0m  [["email", "bla@mail.com"], ["created_at", "2018-07-26 16:09:55.324465"], ["updated_at", "2018-07-26 16:09:55.324465"]]
  [1m[35m (10.8ms)[0m  [1m[35mCOMMIT[0m
  [1m[35m (0.3ms)[0m  [1m[35mBEGIN[0m
  [1m[35mSQL (0.5ms)[0m  [1m[32mINSERT INTO "users" ("email", "created_at", "updated_at") VALUES ($1, $2, $3) RETURNING "id"[0m  [["email", "bla@mail.com"], ["created_at", "2018-07-26 16:09:55.564947"], ["updated_at", "2018-07-26 16:09:55.564947"]]
  [1m[35m (3.7ms)[0m  [1m[35mCOMMIT[0m
  [1m[35m (0.2ms)[0m  [1m[35mBEGIN[0m
  [1m[35mSQL (0.4ms)[0m  [1m[32mINSERT INTO "users" ("email", "created_at", "updated_at") VALUES ($1, $2, $3) RETURNING "id"[0m  [["email", "bla@mail.com"], ["created_at", "2018-07-26 16:09:55.806840"], ["updated_at", "2018-07-26 16:09:55.806840"]]
  [1m[35m (6.4ms)[0m  [1m[35mCOMMIT[0m
  [1m[35m (0.2ms)[0m  [1m[35mBEGIN[0m
  [1m[35mSQL (0.4ms)[0m  [1m[32mINSERT INTO "users" ("email", "created_at", "updated_at") VALUES ($1, $2, $3) RETURNING "id"[0m  [["email", "bla@mail.com"], ["created_at", "2018-07-26 16:09:56.088790"], ["updated_at", "2018-07-26 16:09:56.088790"]]
  [1m[35m (2.3ms)[0m  [1m[35mCOMMIT[0m
  [1m[35m (0.3ms)[0m  [1m[35mBEGIN[0m
  [1m[35mSQL (0.5ms)[0m  [1m[32mINSERT INTO "users" ("email", "created_at", "updated_at") VALUES ($1, $2, $3) RETURNING "id"[0m  [["email", "bla@mail.com"], ["created_at", "2018-07-26 16:09:56.365003"], ["updated_at", "2018-07-26 16:09:56.365003"]]
  [1m[35m (3.8ms)[0m  [1m[35mCOMMIT[0m
  [1m[35m (0.3ms)[0m  [1m[35mBEGIN[0m
  [1m[35mSQL (0.5ms)[0m  [1m[32mINSERT INTO "users" ("email", "created_at", "updated_at") VALUES ($1, $2, $3) RETURNING "id"[0m  [["email", "bla@mail.com"], ["created_at", "2018-07-26 16:09:56.641744"], ["updated_at", "2018-07-26 16:09:56.641744"]]
  [1m[35m (4.9ms)[0m  [1m[35mCOMMIT[0m
  [1m[35m (0.3ms)[0m  [1m[35mBEGIN[0m
  [1m[35mSQL (0.5ms)[0m  [1m[32mINSERT INTO "users" ("email", "created_at", "updated_at") VALUES ($1, $2, $3) RETURNING "id"[0m  [["email", "bla@mail.com"], ["created_at", "2018-07-26 16:09:56.926817"], ["updated_at", "2018-07-26 16:09:56.926817"]]
  [1m[35m (8.7ms)[0m  [1m[35mCOMMIT[0m
  [1m[35m (0.2ms)[0m  [1m[35mBEGIN[0m
  [1m[35mSQL (0.4ms)[0m  [1m[32mINSERT INTO "users" ("email", "created_at", "updated_at") VALUES ($1, $2, $3) RETURNING "id"[0m  [["email", "bla@mail.com"], ["created_at", "2018-07-26 16:09:57.177578"], ["updated_at", "2018-07-26 16:09:57.177578"]]
  [1m[35m (2.4ms)[0m  [1m[35mCOMMIT[0m
  [1m[35m (0.3ms)[0m  [1m[35mBEGIN[0m
  [1m[35mSQL (0.5ms)[0m  [1m[32mINSERT INTO "users" ("email", "created_at", "updated_at") VALUES ($1, $2, $3) RETURNING "id"[0m  [["email", "bla@mail.com"], ["created_at", "2018-07-26 16:09:57.441419"], ["updated_at", "2018-07-26 16:09:57.441419"]]
  [1m[35m (5.2ms)[0m  [1m[35mCOMMIT[0m
  [1m[35m (0.3ms)[0m  [1m[35mBEGIN[0m
  [1m[35mSQL (0.4ms)[0m  [1m[32mINSERT INTO "users" ("email", "created_at", "updated_at") VALUES ($1, $2, $3) RETURNING "id"[0m  [["email", "bla@mail.com"], ["created_at", "2018-07-26 16:09:57.898449"], ["updated_at", "2018-07-26 16:09:57.898449"]]
  [1m[35m (4.0ms)[0m  [1m[35mCOMMIT[0m
  [1m[35m (0.2ms)[0m  [1m[35mBEGIN[0m
  [1m[35mSQL (0.4ms)[0m  [1m[32mINSERT INTO "users" ("email", "created_at", "updated_at") VALUES ($1, $2, $3) RETURNING "id"[0m  [["email", "bla@mail.com"], ["created_at", "2018-07-26 16:09:58.678221"], ["updated_at", "2018-07-26 16:09:58.678221"]]
  [1m[35m (2.0ms)[0m  [1m[35mCOMMIT[0m
  [1m[35mSQL (10.7ms)[0m  [1m[31mDELETE FROM "users"[0m
  [1m[36mUser Load (0.4ms)[0m  [1m[34mSELECT  "users".* FROM "users" LIMIT $1[0m  [["LIMIT", 11]]
  [1m[35m (0.3ms)[0m  [1m[35mBEGIN[0m
  [1m[35mSQL (0.5ms)[0m  [1m[32mINSERT INTO "users" ("email", "created_at", "updated_at") VALUES ($1, $2, $3) RETURNING "id"[0m  [["email", "bla@mail.com"], ["created_at", "2018-07-26 16:10:48.692034"], ["updated_at", "2018-07-26 16:10:48.692034"]]
  [1m[35m (17.6ms)[0m  [1m[35mCOMMIT[0m
  [1m[35m (0.3ms)[0m  [1m[35mBEGIN[0m
  [1m[35mSQL (0.4ms)[0m  [1m[32mINSERT INTO "users" ("email", "created_at", "updated_at") VALUES ($1, $2, $3) RETURNING "id"[0m  [["email", "bla@mail.com"], ["created_at", "2018-07-26 16:10:49.184323"], ["updated_at", "2018-07-26 16:10:49.184323"]]
  [1m[35m (3.7ms)[0m  [1m[35mCOMMIT[0m
  [1m[36mUser Load (0.4ms)[0m  [1m[34mSELECT  "users".* FROM "users" LIMIT $1[0m  [["LIMIT", 11]]
  [1m[35m (0.6ms)[0m  [1m[34mSELECT COUNT(*) FROM "users"[0m
  [1m[35mSQL (33.8ms)[0m  [1m[31mDELETE FROM "users"[0m
  [1m[35m (0.2ms)[0m  [1m[35mBEGIN[0m
  [1m[35mSQL (0.5ms)[0m  [1m[32mINSERT INTO "users" ("email", "created_at", "updated_at") VALUES ($1, $2, $3) RETURNING "id"[0m  [["email", "bla@mail.com"], ["created_at", "2018-07-26 16:11:47.146338"], ["updated_at", "2018-07-26 16:11:47.146338"]]
  [1m[35m (16.3ms)[0m  [1m[35mCOMMIT[0m
  [1m[35m (0.3ms)[0m  [1m[35mBEGIN[0m
  [1m[35mSQL (0.5ms)[0m  [1m[32mINSERT INTO "users" ("email", "created_at", "updated_at") VALUES ($1, $2, $3) RETURNING "id"[0m  [["email", "bla@mail.com"], ["created_at", "2018-07-26 16:11:47.815934"], ["updated_at", "2018-07-26 16:11:47.815934"]]
  [1m[35m (2.9ms)[0m  [1m[35mCOMMIT[0m
  [1m[35m (0.3ms)[0m  [1m[35mBEGIN[0m
  [1m[35mSQL (0.4ms)[0m  [1m[32mINSERT INTO "users" ("email", "created_at", "updated_at") VALUES ($1, $2, $3) RETURNING "id"[0m  [["email", "bla@mail.com"], ["created_at", "2018-07-26 16:11:48.254097"], ["updated_at", "2018-07-26 16:11:48.254097"]]
  [1m[35m (42.5ms)[0m  [1m[35mCOMMIT[0m
  [1m[35m (0.3ms)[0m  [1m[35mBEGIN[0m
  [1m[35mSQL (0.5ms)[0m  [1m[32mINSERT INTO "users" ("email", "created_at", "updated_at") VALUES ($1, $2, $3) RETURNING "id"[0m  [["email", "bla@mail.com"], ["created_at", "2018-07-26 16:12:00.649720"], ["updated_at", "2018-07-26 16:12:00.649720"]]
  [1m[35m (15.3ms)[0m  [1m[35mCOMMIT[0m
  [1m[35m (0.2ms)[0m  [1m[35mBEGIN[0m
  [1m[35mSQL (0.4ms)[0m  [1m[32mINSERT INTO "users" ("created_at", "updated_at") VALUES ($1, $2) RETURNING "id"[0m  [["created_at", "2018-07-26 16:12:06.093236"], ["updated_at", "2018-07-26 16:12:06.093236"]]
  [1m[35m (17.1ms)[0m  [1m[35mCOMMIT[0m
  [1m[35m (0.3ms)[0m  [1m[35mBEGIN[0m
  [1m[35mSQL (0.5ms)[0m  [1m[32mINSERT INTO "users" ("created_at", "updated_at") VALUES ($1, $2) RETURNING "id"[0m  [["created_at", "2018-07-26 16:12:14.338736"], ["updated_at", "2018-07-26 16:12:14.338736"]]
  [1m[35m (12.8ms)[0m  [1m[35mCOMMIT[0m
  [1m[35m (0.3ms)[0m  [1m[35mBEGIN[0m
  [1m[35mSQL (0.5ms)[0m  [1m[32mINSERT INTO "users" ("email", "created_at", "updated_at") VALUES ($1, $2, $3) RETURNING "id"[0m  [["email", "bla@mail.com"], ["created_at", "2018-07-26 16:12:55.272235"], ["updated_at", "2018-07-26 16:12:55.272235"]]
  [1m[35m (12.2ms)[0m  [1m[35mCOMMIT[0m
  [1m[35m (15.3ms)[0m  [1m[34mSELECT "schema_migrations"."version" FROM "schema_migrations" ORDER BY "schema_migrations"."version" ASC[0m
  [1m[35m (42.9ms)[0m  [1m[34mSELECT "ar_internal_metadata"."value" FROM "ar_internal_metadata" WHERE "ar_internal_metadata"."key" = $1[0m  [["key", "environment"]]
  [1m[35m (0.4ms)[0m  [1m[34mSELECT "schema_migrations"."version" FROM "schema_migrations" ORDER BY "schema_migrations"."version" ASC[0m
  [1m[35m (0.3ms)[0m  [1m[34mSELECT "ar_internal_metadata"."value" FROM "ar_internal_metadata" WHERE "ar_internal_metadata"."key" = $1[0m  [["key", "environment"]]
  [1m[35m (0.4ms)[0m  [1m[34mSELECT "schema_migrations"."version" FROM "schema_migrations" ORDER BY "schema_migrations"."version" ASC[0m
  [1m[35m (0.3ms)[0m  [1m[34mSELECT "ar_internal_metadata"."value" FROM "ar_internal_metadata" WHERE "ar_internal_metadata"."key" = $1[0m  [["key", "environment"]]
  [1m[35m (340.9ms)[0m  [1m[35mDROP DATABASE IF EXISTS "my_app_development"[0m
  [1m[35m (216.8ms)[0m  [1m[35mDROP DATABASE IF EXISTS "my_app_test"[0m
  [1m[35m (793.9ms)[0m  [1m[35mCREATE DATABASE "my_app_development" ENCODING = 'unicode'[0m
  [1m[35m (782.6ms)[0m  [1m[35mCREATE DATABASE "my_app_test" ENCODING = 'unicode'[0m
  [1m[35mSQL (0.6ms)[0m  [1m[35mCREATE EXTENSION IF NOT EXISTS "plpgsql"[0m
  [1m[35m (0.3ms)[0m  [1m[35mDROP TABLE IF EXISTS "users" CASCADE[0m
  [1m[35m (108.7ms)[0m  [1m[35mCREATE TABLE "users" ("id" bigserial primary key, "email" character varying, "created_at" timestamp NOT NULL, "updated_at" timestamp NOT NULL)[0m
  [1m[35m (98.5ms)[0m  [1m[35mCREATE TABLE "schema_migrations" ("version" character varying NOT NULL PRIMARY KEY)[0m
  [1m[35m (0.8ms)[0m  [1m[34mSELECT "schema_migrations"."version" FROM "schema_migrations" ORDER BY "schema_migrations"."version" ASC[0m
  [1m[35m (9.4ms)[0m  [1m[32mINSERT INTO "schema_migrations" (version) VALUES (20180724163350)[0m
  [1m[35m (99.4ms)[0m  [1m[35mCREATE TABLE "ar_internal_metadata" ("key" character varying NOT NULL PRIMARY KEY, "value" character varying, "created_at" timestamp NOT NULL, "updated_at" timestamp NOT NULL)[0m
  [1m[36mActiveRecord::InternalMetadata Load (0.5ms)[0m  [1m[34mSELECT  "ar_internal_metadata".* FROM "ar_internal_metadata" WHERE "ar_internal_metadata"."key" = $1 LIMIT $2[0m  [["key", "environment"], ["LIMIT", 1]]
  [1m[35m (0.3ms)[0m  [1m[35mBEGIN[0m
  [1m[35mSQL (0.6ms)[0m  [1m[32mINSERT INTO "ar_internal_metadata" ("key", "value", "created_at", "updated_at") VALUES ($1, $2, $3, $4) RETURNING "key"[0m  [["key", "environment"], ["value", "development"], ["created_at", "2018-07-27 20:07:27.983403"], ["updated_at", "2018-07-27 20:07:27.983403"]]
  [1m[35m (11.1ms)[0m  [1m[35mCOMMIT[0m
  [1m[36mActiveRecord::InternalMetadata Load (0.4ms)[0m  [1m[34mSELECT  "ar_internal_metadata".* FROM "ar_internal_metadata" WHERE "ar_internal_metadata"."key" = $1 LIMIT $2[0m  [["key", "environment"], ["LIMIT", 1]]
  [1m[35m (0.3ms)[0m  [1m[35mBEGIN[0m
  [1m[35m (0.2ms)[0m  [1m[35mCOMMIT[0m
  [1m[35mSQL (0.3ms)[0m  [1m[35mCREATE EXTENSION IF NOT EXISTS "plpgsql"[0m
  [1m[35m (0.5ms)[0m  [1m[35mDROP TABLE IF EXISTS "users" CASCADE[0m
  [1m[35m (112.9ms)[0m  [1m[35mCREATE TABLE "users" ("id" bigserial primary key, "email" character varying, "created_at" timestamp NOT NULL, "updated_at" timestamp NOT NULL)[0m
  [1m[35m (87.6ms)[0m  [1m[35mCREATE TABLE "schema_migrations" ("version" character varying NOT NULL PRIMARY KEY)[0m
  [1m[35m (0.8ms)[0m  [1m[34mSELECT "schema_migrations"."version" FROM "schema_migrations" ORDER BY "schema_migrations"."version" ASC[0m
  [1m[35m (9.3ms)[0m  [1m[32mINSERT INTO "schema_migrations" (version) VALUES (20180724163350)[0m
  [1m[35m (88.3ms)[0m  [1m[35mCREATE TABLE "ar_internal_metadata" ("key" character varying NOT NULL PRIMARY KEY, "value" character varying, "created_at" timestamp NOT NULL, "updated_at" timestamp NOT NULL)[0m
  [1m[36mActiveRecord::InternalMetadata Load (0.4ms)[0m  [1m[34mSELECT  "ar_internal_metadata".* FROM "ar_internal_metadata" WHERE "ar_internal_metadata"."key" = $1 LIMIT $2[0m  [["key", "environment"], ["LIMIT", 1]]
  [1m[35m (0.2ms)[0m  [1m[35mBEGIN[0m
  [1m[35mSQL (0.5ms)[0m  [1m[32mINSERT INTO "ar_internal_metadata" ("key", "value", "created_at", "updated_at") VALUES ($1, $2, $3, $4) RETURNING "key"[0m  [["key", "environment"], ["value", "development"], ["created_at", "2018-07-27 20:07:28.337974"], ["updated_at", "2018-07-27 20:07:28.337974"]]
  [1m[35m (6.9ms)[0m  [1m[35mCOMMIT[0m
  [1m[36mActiveRecord::InternalMetadata Load (0.3ms)[0m  [1m[34mSELECT  "ar_internal_metadata".* FROM "ar_internal_metadata" WHERE "ar_internal_metadata"."key" = $1 LIMIT $2[0m  [["key", "environment"], ["LIMIT", 1]]
  [1m[35m (0.1ms)[0m  [1m[35mBEGIN[0m
  [1m[35mSQL (0.4ms)[0m  [1m[33mUPDATE "ar_internal_metadata" SET "value" = $1, "updated_at" = $2 WHERE "ar_internal_metadata"."key" = $3[0m  [["value", "test"], ["updated_at", "2018-07-27 20:07:28.348685"], ["key", "environment"]]
  [1m[35m (7.4ms)[0m  [1m[35mCOMMIT[0m
  [1m[35m (0.8ms)[0m  [1m[34mSELECT "schema_migrations"."version" FROM "schema_migrations" ORDER BY "schema_migrations"."version" ASC[0m
  [1m[35m (0.8ms)[0m  [1m[34mSELECT "schema_migrations"."version" FROM "schema_migrations" ORDER BY "schema_migrations"."version" ASC[0m
  [1m[35m (0.4ms)[0m  [1m[34mSELECT "ar_internal_metadata"."value" FROM "ar_internal_metadata" WHERE "ar_internal_metadata"."key" = $1[0m  [["key", "environment"]]
  [1m[35m (0.4ms)[0m  [1m[34mSELECT "schema_migrations"."version" FROM "schema_migrations" ORDER BY "schema_migrations"."version" ASC[0m
  [1m[35m (0.3ms)[0m  [1m[34mSELECT "ar_internal_metadata"."value" FROM "ar_internal_metadata" WHERE "ar_internal_metadata"."key" = $1[0m  [["key", "environment"]]
  [1m[35m (0.3ms)[0m  [1m[34mSELECT "schema_migrations"."version" FROM "schema_migrations" ORDER BY "schema_migrations"."version" ASC[0m
  [1m[35m (0.3ms)[0m  [1m[34mSELECT "ar_internal_metadata"."value" FROM "ar_internal_metadata" WHERE "ar_internal_metadata"."key" = $1[0m  [["key", "environment"]]
  [1m[35m (1017.5ms)[0m  [1m[35mDROP DATABASE IF EXISTS "my_app_development"[0m
  [1m[35m (317.1ms)[0m  [1m[35mDROP DATABASE IF EXISTS "my_app_test"[0m
  [1m[35m (104.0ms)[0m  [1m[35mCREATE TABLE "schema_migrations" ("version" character varying NOT NULL PRIMARY KEY)[0m
  [1m[35m (86.8ms)[0m  [1m[35mCREATE TABLE "ar_internal_metadata" ("key" character varying NOT NULL PRIMARY KEY, "value" character varying, "created_at" timestamp NOT NULL, "updated_at" timestamp NOT NULL)[0m
  [1m[35m (0.3ms)[0m  [1m[34mSELECT pg_try_advisory_lock(4346549080646495835)[0m
  [1m[35m (0.7ms)[0m  [1m[34mSELECT "schema_migrations"."version" FROM "schema_migrations" ORDER BY "schema_migrations"."version" ASC[0m
Migrating to CreateUsers (20180724163350)
  [1m[35m (0.3ms)[0m  [1m[35mBEGIN[0m
  [1m[35m (79.9ms)[0m  [1m[35mCREATE TABLE "users" ("id" bigserial primary key, "email" character varying NOT NULL, "password" character varying NOT NULL, "username" character varying NOT NULL, "avatar" character varying, "created_at" timestamp NOT NULL, "updated_at" timestamp NOT NULL)[0m
  [1m[35mSQL (0.6ms)[0m  [1m[32mINSERT INTO "schema_migrations" ("version") VALUES ($1) RETURNING "version"[0m  [["version", "20180724163350"]]
  [1m[35m (14.0ms)[0m  [1m[35mCOMMIT[0m
  [1m[36mActiveRecord::InternalMetadata Load (0.5ms)[0m  [1m[34mSELECT  "ar_internal_metadata".* FROM "ar_internal_metadata" WHERE "ar_internal_metadata"."key" = $1 LIMIT $2[0m  [["key", "environment"], ["LIMIT", 1]]
  [1m[35m (0.3ms)[0m  [1m[35mBEGIN[0m
  [1m[35mSQL (0.8ms)[0m  [1m[32mINSERT INTO "ar_internal_metadata" ("key", "value", "created_at", "updated_at") VALUES ($1, $2, $3, $4) RETURNING "key"[0m  [["key", "environment"], ["value", "development"], ["created_at", "2018-07-27 20:11:24.148933"], ["updated_at", "2018-07-27 20:11:24.148933"]]
  [1m[35m (8.0ms)[0m  [1m[35mCOMMIT[0m
  [1m[35m (0.4ms)[0m  [1m[34mSELECT pg_advisory_unlock(4346549080646495835)[0m
  [1m[35m (0.4ms)[0m  [1m[34mSELECT "schema_migrations"."version" FROM "schema_migrations" ORDER BY "schema_migrations"."version" ASC[0m
  [1m[35m (0.3ms)[0m  [1m[34mSELECT pg_try_advisory_lock(4346549080646495835)[0m
  [1m[35m (0.9ms)[0m  [1m[34mSELECT "schema_migrations"."version" FROM "schema_migrations" ORDER BY "schema_migrations"."version" ASC[0m
Migrating to CreateDashboards (20180727201157)
  [1m[35m (0.3ms)[0m  [1m[35mBEGIN[0m
  [1m[35m (0.2ms)[0m  [1m[31mROLLBACK[0m
  [1m[35m (0.4ms)[0m  [1m[34mSELECT pg_advisory_unlock(4346549080646495835)[0m
  [1m[35m (0.3ms)[0m  [1m[34mSELECT pg_try_advisory_lock(4346549080646495835)[0m
  [1m[35m (0.8ms)[0m  [1m[34mSELECT "schema_migrations"."version" FROM "schema_migrations" ORDER BY "schema_migrations"."version" ASC[0m
Migrating to CreateDashboards (20180727201157)
  [1m[35m (0.2ms)[0m  [1m[35mBEGIN[0m
  [1m[35m (0.2ms)[0m  [1m[31mROLLBACK[0m
  [1m[35m (0.4ms)[0m  [1m[34mSELECT pg_advisory_unlock(4346549080646495835)[0m
  [1m[35m (0.3ms)[0m  [1m[34mSELECT pg_try_advisory_lock(4346549080646495835)[0m
  [1m[35m (0.8ms)[0m  [1m[34mSELECT "schema_migrations"."version" FROM "schema_migrations" ORDER BY "schema_migrations"."version" ASC[0m
Migrating to CreateDashboards (20180727201157)
  [1m[35m (0.2ms)[0m  [1m[35mBEGIN[0m
  [1m[35m (74.7ms)[0m  [1m[35mCREATE TABLE "dashboards" ("id" bigserial primary key, "title" character varying NOT NULL, "policy" integer, "user_id" bigint, "list_ids" character varying[] DEFAULT '{}', "created_at" timestamp NOT NULL, "updated_at" timestamp NOT NULL)[0m
  [1m[35m (31.6ms)[0m  [1m[35mCREATE  INDEX  "index_dashboards_on_user_id" ON "dashboards"  ("user_id")[0m
  [1m[35mSQL (0.5ms)[0m  [1m[32mINSERT INTO "schema_migrations" ("version") VALUES ($1) RETURNING "version"[0m  [["version", "20180727201157"]]
  [1m[35m (19.8ms)[0m  [1m[35mCOMMIT[0m
  [1m[36mActiveRecord::InternalMetadata Load (0.6ms)[0m  [1m[34mSELECT  "ar_internal_metadata".* FROM "ar_internal_metadata" WHERE "ar_internal_metadata"."key" = $1 LIMIT $2[0m  [["key", "environment"], ["LIMIT", 1]]
  [1m[35m (0.3ms)[0m  [1m[35mBEGIN[0m
  [1m[35m (0.3ms)[0m  [1m[35mCOMMIT[0m
  [1m[35m (0.3ms)[0m  [1m[34mSELECT pg_advisory_unlock(4346549080646495835)[0m
  [1m[35m (0.4ms)[0m  [1m[34mSELECT "schema_migrations"."version" FROM "schema_migrations" ORDER BY "schema_migrations"."version" ASC[0m
  [1m[35m (0.8ms)[0m  [1m[34mSELECT "schema_migrations"."version" FROM "schema_migrations" ORDER BY "schema_migrations"."version" ASC[0m
  [1m[35m (0.3ms)[0m  [1m[34mSELECT pg_try_advisory_lock(4346549080646495835)[0m
  [1m[35m (0.4ms)[0m  [1m[34mSELECT "schema_migrations"."version" FROM "schema_migrations" ORDER BY "schema_migrations"."version" ASC[0m
Migrating to CreateDashboards (20180727201157)
  [1m[35m (0.3ms)[0m  [1m[35mBEGIN[0m
  [1m[35m (1.8ms)[0m  [1m[35mDROP TABLE "dashboards"[0m
  [1m[35mSQL (0.6ms)[0m  [1m[31mDELETE FROM "schema_migrations" WHERE "schema_migrations"."version" = $1[0m  [["version", "20180727201157"]]
  [1m[35m (20.6ms)[0m  [1m[35mCOMMIT[0m
  [1m[35m (0.4ms)[0m  [1m[34mSELECT pg_advisory_unlock(4346549080646495835)[0m
  [1m[35m (0.4ms)[0m  [1m[34mSELECT "schema_migrations"."version" FROM "schema_migrations" ORDER BY "schema_migrations"."version" ASC[0m
  [1m[35m (0.2ms)[0m  [1m[34mSELECT pg_try_advisory_lock(4346549080646495835)[0m
  [1m[35m (0.8ms)[0m  [1m[34mSELECT "schema_migrations"."version" FROM "schema_migrations" ORDER BY "schema_migrations"."version" ASC[0m
Migrating to CreateDashboards (20180727201157)
  [1m[35m (0.3ms)[0m  [1m[35mBEGIN[0m
  [1m[35m (81.0ms)[0m  [1m[35mCREATE TABLE "dashboards" ("id" bigserial primary key, "title" character varying NOT NULL, "policy" integer, "user_id" bigint, "dashboard_list_id_id" bigint, "created_at" timestamp NOT NULL, "updated_at" timestamp NOT NULL)[0m
  [1m[35m (42.9ms)[0m  [1m[35mCREATE  INDEX  "index_dashboards_on_user_id" ON "dashboards"  ("user_id")[0m
  [1m[35m (43.2ms)[0m  [1m[35mCREATE  INDEX  "index_dashboards_on_dashboard_list_id_id" ON "dashboards"  ("dashboard_list_id_id")[0m
  [1m[35mSQL (0.4ms)[0m  [1m[32mINSERT INTO "schema_migrations" ("version") VALUES ($1) RETURNING "version"[0m  [["version", "20180727201157"]]
  [1m[35m (19.1ms)[0m  [1m[35mCOMMIT[0m
Migrating to CreateLists (20180727202847)
  [1m[35m (0.2ms)[0m  [1m[35mBEGIN[0m
  [1m[35m (76.9ms)[0m  [1m[35mCREATE TABLE "lists" ("id" bigserial primary key, "title" character varying NOT NULL, "created_at" timestamp NOT NULL, "updated_at" timestamp NOT NULL)[0m
  [1m[35mSQL (0.4ms)[0m  [1m[32mINSERT INTO "schema_migrations" ("version") VALUES ($1) RETURNING "version"[0m  [["version", "20180727202847"]]
  [1m[35m (20.8ms)[0m  [1m[35mCOMMIT[0m
Migrating to CreateDashboardLists (20180727203316)
  [1m[35m (0.2ms)[0m  [1m[35mBEGIN[0m
  [1m[35m (43.9ms)[0m  [1m[35mCREATE TABLE "dashboard_lists" ("id" bigserial primary key, "dashboard_id_id" bigint, "list_id_id" bigint, "created_at" timestamp NOT NULL, "updated_at" timestamp NOT NULL)[0m
  [1m[35m (43.0ms)[0m  [1m[35mCREATE  INDEX  "index_dashboard_lists_on_dashboard_id_id" ON "dashboard_lists"  ("dashboard_id_id")[0m
  [1m[35m (32.2ms)[0m  [1m[35mCREATE  INDEX  "index_dashboard_lists_on_list_id_id" ON "dashboard_lists"  ("list_id_id")[0m
  [1m[35mSQL (0.4ms)[0m  [1m[32mINSERT INTO "schema_migrations" ("version") VALUES ($1) RETURNING "version"[0m  [["version", "20180727203316"]]
  [1m[35m (19.5ms)[0m  [1m[35mCOMMIT[0m
Migrating to CreateCards (20180727203507)
  [1m[35m (0.2ms)[0m  [1m[35mBEGIN[0m
  [1m[35m (67.3ms)[0m  [1m[35mCREATE TABLE "cards" ("id" bigserial primary key, "lists_id" bigint, "title" character varying NOT NULL, "description" text, "users_id" bigint, "attachments" text[] DEFAULT '{}', "created_at" timestamp NOT NULL, "updated_at" timestamp NOT NULL)[0m
  [1m[35m (42.9ms)[0m  [1m[35mCREATE  INDEX  "index_cards_on_lists_id" ON "cards"  ("lists_id")[0m
  [1m[35m (43.2ms)[0m  [1m[35mCREATE  INDEX  "index_cards_on_users_id" ON "cards"  ("users_id")[0m
  [1m[35mSQL (0.4ms)[0m  [1m[32mINSERT INTO "schema_migrations" ("version") VALUES ($1) RETURNING "version"[0m  [["version", "20180727203507"]]
  [1m[35m (17.1ms)[0m  [1m[35mCOMMIT[0m
  [1m[36mActiveRecord::InternalMetadata Load (0.5ms)[0m  [1m[34mSELECT  "ar_internal_metadata".* FROM "ar_internal_metadata" WHERE "ar_internal_metadata"."key" = $1 LIMIT $2[0m  [["key", "environment"], ["LIMIT", 1]]
  [1m[35m (0.3ms)[0m  [1m[35mBEGIN[0m
  [1m[35m (0.2ms)[0m  [1m[35mCOMMIT[0m
  [1m[35m (0.4ms)[0m  [1m[34mSELECT pg_advisory_unlock(4346549080646495835)[0m
  [1m[35m (0.4ms)[0m  [1m[34mSELECT "schema_migrations"."version" FROM "schema_migrations" ORDER BY "schema_migrations"."version" ASC[0m
  [1m[35m (0.3ms)[0m  [1m[34mSELECT pg_try_advisory_lock(4346549080646495835)[0m
  [1m[35m (0.9ms)[0m  [1m[34mSELECT "schema_migrations"."version" FROM "schema_migrations" ORDER BY "schema_migrations"."version" ASC[0m
  [1m[36mActiveRecord::InternalMetadata Load (0.5ms)[0m  [1m[34mSELECT  "ar_internal_metadata".* FROM "ar_internal_metadata" WHERE "ar_internal_metadata"."key" = $1 LIMIT $2[0m  [["key", "environment"], ["LIMIT", 1]]
  [1m[35m (0.3ms)[0m  [1m[35mBEGIN[0m
  [1m[35m (0.2ms)[0m  [1m[35mCOMMIT[0m
  [1m[35m (0.3ms)[0m  [1m[34mSELECT pg_advisory_unlock(4346549080646495835)[0m
  [1m[35m (0.4ms)[0m  [1m[34mSELECT "schema_migrations"."version" FROM "schema_migrations" ORDER BY "schema_migrations"."version" ASC[0m
  [1m[35m (0.8ms)[0m  [1m[34mSELECT "schema_migrations"."version" FROM "schema_migrations" ORDER BY "schema_migrations"."version" ASC[0m
  [1m[35m (0.3ms)[0m  [1m[34mSELECT pg_try_advisory_lock(4346549080646495835)[0m
  [1m[35m (0.4ms)[0m  [1m[34mSELECT "schema_migrations"."version" FROM "schema_migrations" ORDER BY "schema_migrations"."version" ASC[0m
Migrating to CreateCards (20180727203507)
  [1m[35m (0.3ms)[0m  [1m[35mBEGIN[0m
  [1m[35m (1.6ms)[0m  [1m[35mDROP TABLE "cards"[0m
  [1m[35mSQL (0.6ms)[0m  [1m[31mDELETE FROM "schema_migrations" WHERE "schema_migrations"."version" = $1[0m  [["version", "20180727203507"]]
  [1m[35m (12.0ms)[0m  [1m[35mCOMMIT[0m
  [1m[35m (0.4ms)[0m  [1m[34mSELECT pg_advisory_unlock(4346549080646495835)[0m
  [1m[35m (0.4ms)[0m  [1m[34mSELECT "schema_migrations"."version" FROM "schema_migrations" ORDER BY "schema_migrations"."version" ASC[0m
  [1m[35m (0.8ms)[0m  [1m[34mSELECT "schema_migrations"."version" FROM "schema_migrations" ORDER BY "schema_migrations"."version" ASC[0m
  [1m[35m (0.3ms)[0m  [1m[34mSELECT pg_try_advisory_lock(4346549080646495835)[0m
  [1m[35m (0.4ms)[0m  [1m[34mSELECT "schema_migrations"."version" FROM "schema_migrations" ORDER BY "schema_migrations"."version" ASC[0m
Migrating to CreateDashboardLists (20180727203316)
  [1m[35m (0.2ms)[0m  [1m[35mBEGIN[0m
  [1m[35m (1.4ms)[0m  [1m[35mDROP TABLE "dashboard_lists"[0m
  [1m[35mSQL (0.6ms)[0m  [1m[31mDELETE FROM "schema_migrations" WHERE "schema_migrations"."version" = $1[0m  [["version", "20180727203316"]]
  [1m[35m (11.8ms)[0m  [1m[35mCOMMIT[0m
  [1m[35m (0.4ms)[0m  [1m[34mSELECT pg_advisory_unlock(4346549080646495835)[0m
  [1m[35m (0.4ms)[0m  [1m[34mSELECT "schema_migrations"."version" FROM "schema_migrations" ORDER BY "schema_migrations"."version" ASC[0m
  [1m[35m (0.3ms)[0m  [1m[34mSELECT pg_try_advisory_lock(4346549080646495835)[0m
  [1m[35m (0.8ms)[0m  [1m[34mSELECT "schema_migrations"."version" FROM "schema_migrations" ORDER BY "schema_migrations"."version" ASC[0m
Migrating to CreateDashboardLists (20180727203316)
  [1m[35m (0.2ms)[0m  [1m[35mBEGIN[0m
  [1m[35m (44.2ms)[0m  [1m[35mCREATE TABLE "dashboard_lists" ("id" bigserial primary key, "dashboard_id_id" bigint, "list_id_id" bigint, "created_at" timestamp NOT NULL, "updated_at" timestamp NOT NULL)[0m
  [1m[35m (42.6ms)[0m  [1m[35mCREATE  INDEX  "index_dashboard_lists_on_dashboard_id_id" ON "dashboard_lists"  ("dashboard_id_id")[0m
  [1m[35m (57.0ms)[0m  [1m[35mCREATE  INDEX  "index_dashboard_lists_on_list_id_id" ON "dashboard_lists"  ("list_id_id")[0m
  [1m[35mSQL (0.5ms)[0m  [1m[32mINSERT INTO "schema_migrations" ("version") VALUES ($1) RETURNING "version"[0m  [["version", "20180727203316"]]
  [1m[35m (6.7ms)[0m  [1m[35mCOMMIT[0m
Migrating to CreateCards (20180727203507)
  [1m[35m (0.2ms)[0m  [1m[35mBEGIN[0m
  [1m[35m (74.7ms)[0m  [1m[35mCREATE TABLE "cards" ("id" bigserial primary key, "lists_id" bigint, "title" character varying NOT NULL, "description" text, "users_id" bigint, "attachments_id" bigint, "date" timestamp, "created_at" timestamp NOT NULL, "updated_at" timestamp NOT NULL)[0m
  [1m[35m (43.1ms)[0m  [1m[35mCREATE  INDEX  "index_cards_on_lists_id" ON "cards"  ("lists_id")[0m
  [1m[35m (43.2ms)[0m  [1m[35mCREATE  INDEX  "index_cards_on_users_id" ON "cards"  ("users_id")[0m
  [1m[35m (54.8ms)[0m  [1m[35mCREATE  INDEX  "index_cards_on_attachments_id" ON "cards"  ("attachments_id")[0m
  [1m[35mSQL (0.5ms)[0m  [1m[32mINSERT INTO "schema_migrations" ("version") VALUES ($1) RETURNING "version"[0m  [["version", "20180727203507"]]
  [1m[35m (9.3ms)[0m  [1m[35mCOMMIT[0m
Migrating to CreateComments (20180727203942)
  [1m[35m (0.3ms)[0m  [1m[35mBEGIN[0m
  [1m[35m (43.2ms)[0m  [1m[35mCREATE TABLE "comments" ("id" bigserial primary key, "cards_id" bigint, "attachments_id" bigint, "created_at" timestamp NOT NULL, "updated_at" timestamp NOT NULL)[0m
  [1m[35m (43.0ms)[0m  [1m[35mCREATE  INDEX  "index_comments_on_cards_id" ON "comments"  ("cards_id")[0m
  [1m[35m (43.0ms)[0m  [1m[35mCREATE  INDEX  "index_comments_on_attachments_id" ON "comments"  ("attachments_id")[0m
  [1m[35mSQL (0.4ms)[0m  [1m[32mINSERT INTO "schema_migrations" ("version") VALUES ($1) RETURNING "version"[0m  [["version", "20180727203942"]]
  [1m[35m (19.4ms)[0m  [1m[35mCOMMIT[0m
Migrating to CreateAttachments (20180727204218)
  [1m[35m (0.3ms)[0m  [1m[35mBEGIN[0m
  [1m[35m (90.1ms)[0m  [1m[35mCREATE TABLE "attachments" ("id" bigserial primary key, "title" character varying NOT NULL, "created_at" timestamp NOT NULL, "updated_at" timestamp NOT NULL)[0m
  [1m[35mSQL (0.4ms)[0m  [1m[32mINSERT INTO "schema_migrations" ("version") VALUES ($1) RETURNING "version"[0m  [["version", "20180727204218"]]
  [1m[35m (18.6ms)[0m  [1m[35mCOMMIT[0m
Migrating to CreateAttachmentCards (20180727204414)
  [1m[35m (0.2ms)[0m  [1m[35mBEGIN[0m
  [1m[35m (34.9ms)[0m  [1m[35mCREATE TABLE "attachment_cards" ("id" bigserial primary key, "attachments_id" bigint, "cards_id" bigint, "created_at" timestamp NOT NULL, "updated_at" timestamp NOT NULL)[0m
  [1m[35m (33.9ms)[0m  [1m[35mCREATE  INDEX  "index_attachment_cards_on_attachments_id" ON "attachment_cards"  ("attachments_id")[0m
  [1m[35m (32.0ms)[0m  [1m[35mCREATE  INDEX  "index_attachment_cards_on_cards_id" ON "attachment_cards"  ("cards_id")[0m
  [1m[35mSQL (0.4ms)[0m  [1m[32mINSERT INTO "schema_migrations" ("version") VALUES ($1) RETURNING "version"[0m  [["version", "20180727204414"]]
  [1m[35m (14.9ms)[0m  [1m[35mCOMMIT[0m
Migrating to CreateLabels (20180727204538)
  [1m[35m (0.3ms)[0m  [1m[35mBEGIN[0m
  [1m[35m (105.6ms)[0m  [1m[35mCREATE TABLE "labels" ("id" bigserial primary key, "color" character varying NOT NULL, "name" character varying, "created_at" timestamp NOT NULL, "updated_at" timestamp NOT NULL)[0m
  [1m[35mSQL (0.4ms)[0m  [1m[32mINSERT INTO "schema_migrations" ("version") VALUES ($1) RETURNING "version"[0m  [["version", "20180727204538"]]
  [1m[35m (13.8ms)[0m  [1m[35mCOMMIT[0m
  [1m[36mActiveRecord::InternalMetadata Load (0.4ms)[0m  [1m[34mSELECT  "ar_internal_metadata".* FROM "ar_internal_metadata" WHERE "ar_internal_metadata"."key" = $1 LIMIT $2[0m  [["key", "environment"], ["LIMIT", 1]]
  [1m[35m (0.3ms)[0m  [1m[35mBEGIN[0m
  [1m[35m (0.3ms)[0m  [1m[35mCOMMIT[0m
  [1m[35m (0.4ms)[0m  [1m[34mSELECT pg_advisory_unlock(4346549080646495835)[0m
  [1m[35m (0.3ms)[0m  [1m[34mSELECT "schema_migrations"."version" FROM "schema_migrations" ORDER BY "schema_migrations"."version" ASC[0m
  [1m[35m (27.3ms)[0m  [1m[34mSELECT "schema_migrations"."version" FROM "schema_migrations" ORDER BY "schema_migrations"."version" ASC[0m
  [1m[35m (0.3ms)[0m  [1m[34mSELECT pg_try_advisory_lock(4346549080646495835)[0m
  [1m[35m (0.3ms)[0m  [1m[34mSELECT "schema_migrations"."version" FROM "schema_migrations" ORDER BY "schema_migrations"."version" ASC[0m
Migrating to CreateLabels (20180727204538)
  [1m[35m (0.3ms)[0m  [1m[35mBEGIN[0m
  [1m[35m (145.4ms)[0m  [1m[35mDROP TABLE "labels"[0m
  [1m[35mSQL (0.6ms)[0m  [1m[31mDELETE FROM "schema_migrations" WHERE "schema_migrations"."version" = $1[0m  [["version", "20180727204538"]]
  [1m[35m (19.2ms)[0m  [1m[35mCOMMIT[0m
  [1m[35m (0.4ms)[0m  [1m[34mSELECT pg_advisory_unlock(4346549080646495835)[0m
  [1m[35m (0.6ms)[0m  [1m[34mSELECT "schema_migrations"."version" FROM "schema_migrations" ORDER BY "schema_migrations"."version" ASC[0m
  [1m[35m (0.8ms)[0m  [1m[34mSELECT "schema_migrations"."version" FROM "schema_migrations" ORDER BY "schema_migrations"."version" ASC[0m
  [1m[35m (0.2ms)[0m  [1m[34mSELECT pg_try_advisory_lock(4346549080646495835)[0m
  [1m[35m (0.4ms)[0m  [1m[34mSELECT "schema_migrations"."version" FROM "schema_migrations" ORDER BY "schema_migrations"."version" ASC[0m
Migrating to CreateAttachmentCards (20180727204414)
  [1m[35m (0.2ms)[0m  [1m[35mBEGIN[0m
  [1m[35m (1.4ms)[0m  [1m[35mDROP TABLE "attachment_cards"[0m
  [1m[35mSQL (0.5ms)[0m  [1m[31mDELETE FROM "schema_migrations" WHERE "schema_migrations"."version" = $1[0m  [["version", "20180727204414"]]
  [1m[35m (21.8ms)[0m  [1m[35mCOMMIT[0m
  [1m[35m (0.4ms)[0m  [1m[34mSELECT pg_advisory_unlock(4346549080646495835)[0m
  [1m[35m (0.3ms)[0m  [1m[34mSELECT "schema_migrations"."version" FROM "schema_migrations" ORDER BY "schema_migrations"."version" ASC[0m
  [1m[35m (0.8ms)[0m  [1m[34mSELECT "schema_migrations"."version" FROM "schema_migrations" ORDER BY "schema_migrations"."version" ASC[0m
  [1m[35m (0.3ms)[0m  [1m[34mSELECT pg_try_advisory_lock(4346549080646495835)[0m
  [1m[35m (0.3ms)[0m  [1m[34mSELECT "schema_migrations"."version" FROM "schema_migrations" ORDER BY "schema_migrations"."version" ASC[0m
Migrating to CreateAttachments (20180727204218)
  [1m[35m (0.3ms)[0m  [1m[35mBEGIN[0m
  [1m[35m (1.6ms)[0m  [1m[35mDROP TABLE "attachments"[0m
  [1m[35mSQL (0.6ms)[0m  [1m[31mDELETE FROM "schema_migrations" WHERE "schema_migrations"."version" = $1[0m  [["version", "20180727204218"]]
  [1m[35m (27.9ms)[0m  [1m[35mCOMMIT[0m
  [1m[35m (0.4ms)[0m  [1m[34mSELECT pg_advisory_unlock(4346549080646495835)[0m
  [1m[35m (0.3ms)[0m  [1m[34mSELECT "schema_migrations"."version" FROM "schema_migrations" ORDER BY "schema_migrations"."version" ASC[0m
  [1m[35m (0.8ms)[0m  [1m[34mSELECT "schema_migrations"."version" FROM "schema_migrations" ORDER BY "schema_migrations"."version" ASC[0m
  [1m[35m (0.3ms)[0m  [1m[34mSELECT pg_try_advisory_lock(4346549080646495835)[0m
  [1m[35m (0.3ms)[0m  [1m[34mSELECT "schema_migrations"."version" FROM "schema_migrations" ORDER BY "schema_migrations"."version" ASC[0m
Migrating to CreateComments (20180727203942)
  [1m[35m (0.3ms)[0m  [1m[35mBEGIN[0m
  [1m[35m (1.4ms)[0m  [1m[35mDROP TABLE "comments"[0m
  [1m[35mSQL (0.6ms)[0m  [1m[31mDELETE FROM "schema_migrations" WHERE "schema_migrations"."version" = $1[0m  [["version", "20180727203942"]]
  [1m[35m (29.6ms)[0m  [1m[35mCOMMIT[0m
  [1m[35m (0.4ms)[0m  [1m[34mSELECT pg_advisory_unlock(4346549080646495835)[0m
  [1m[35m (0.5ms)[0m  [1m[34mSELECT "schema_migrations"."version" FROM "schema_migrations" ORDER BY "schema_migrations"."version" ASC[0m
  [1m[35m (0.8ms)[0m  [1m[34mSELECT "schema_migrations"."version" FROM "schema_migrations" ORDER BY "schema_migrations"."version" ASC[0m
  [1m[35m (0.3ms)[0m  [1m[34mSELECT pg_try_advisory_lock(4346549080646495835)[0m
  [1m[35m (0.4ms)[0m  [1m[34mSELECT "schema_migrations"."version" FROM "schema_migrations" ORDER BY "schema_migrations"."version" ASC[0m
Migrating to CreateCards (20180727203507)
  [1m[35m (0.3ms)[0m  [1m[35mBEGIN[0m
  [1m[35m (1.7ms)[0m  [1m[35mDROP TABLE "cards"[0m
  [1m[35mSQL (0.6ms)[0m  [1m[31mDELETE FROM "schema_migrations" WHERE "schema_migrations"."version" = $1[0m  [["version", "20180727203507"]]
  [1m[35m (30.8ms)[0m  [1m[35mCOMMIT[0m
  [1m[35m (0.4ms)[0m  [1m[34mSELECT pg_advisory_unlock(4346549080646495835)[0m
  [1m[35m (0.4ms)[0m  [1m[34mSELECT "schema_migrations"."version" FROM "schema_migrations" ORDER BY "schema_migrations"."version" ASC[0m
  [1m[35m (0.8ms)[0m  [1m[34mSELECT "schema_migrations"."version" FROM "schema_migrations" ORDER BY "schema_migrations"."version" ASC[0m
  [1m[35m (0.3ms)[0m  [1m[34mSELECT pg_try_advisory_lock(4346549080646495835)[0m
  [1m[35m (0.3ms)[0m  [1m[34mSELECT "schema_migrations"."version" FROM "schema_migrations" ORDER BY "schema_migrations"."version" ASC[0m
Migrating to CreateDashboardLists (20180727203316)
  [1m[35m (0.3ms)[0m  [1m[35mBEGIN[0m
  [1m[35m (1.4ms)[0m  [1m[35mDROP TABLE "dashboard_lists"[0m
  [1m[35mSQL (0.6ms)[0m  [1m[31mDELETE FROM "schema_migrations" WHERE "schema_migrations"."version" = $1[0m  [["version", "20180727203316"]]
  [1m[35m (30.4ms)[0m  [1m[35mCOMMIT[0m
  [1m[35m (0.4ms)[0m  [1m[34mSELECT pg_advisory_unlock(4346549080646495835)[0m
  [1m[35m (0.4ms)[0m  [1m[34mSELECT "schema_migrations"."version" FROM "schema_migrations" ORDER BY "schema_migrations"."version" ASC[0m
  [1m[35m (0.8ms)[0m  [1m[34mSELECT "schema_migrations"."version" FROM "schema_migrations" ORDER BY "schema_migrations"."version" ASC[0m
  [1m[35m (0.2ms)[0m  [1m[34mSELECT pg_try_advisory_lock(4346549080646495835)[0m
  [1m[35m (0.4ms)[0m  [1m[34mSELECT "schema_migrations"."version" FROM "schema_migrations" ORDER BY "schema_migrations"."version" ASC[0m
Migrating to CreateLists (20180727202847)
  [1m[35m (0.3ms)[0m  [1m[35mBEGIN[0m
  [1m[35m (39.0ms)[0m  [1m[35mDROP TABLE "lists"[0m
  [1m[35mSQL (0.6ms)[0m  [1m[31mDELETE FROM "schema_migrations" WHERE "schema_migrations"."version" = $1[0m  [["version", "20180727202847"]]
  [1m[35m (23.4ms)[0m  [1m[35mCOMMIT[0m
  [1m[35m (0.5ms)[0m  [1m[34mSELECT pg_advisory_unlock(4346549080646495835)[0m
  [1m[35m (0.4ms)[0m  [1m[34mSELECT "schema_migrations"."version" FROM "schema_migrations" ORDER BY "schema_migrations"."version" ASC[0m
  [1m[35m (0.8ms)[0m  [1m[34mSELECT "schema_migrations"."version" FROM "schema_migrations" ORDER BY "schema_migrations"."version" ASC[0m
  [1m[35m (0.3ms)[0m  [1m[34mSELECT pg_try_advisory_lock(4346549080646495835)[0m
  [1m[35m (0.3ms)[0m  [1m[34mSELECT "schema_migrations"."version" FROM "schema_migrations" ORDER BY "schema_migrations"."version" ASC[0m
Migrating to CreateDashboards (20180727201157)
  [1m[35m (0.2ms)[0m  [1m[35mBEGIN[0m
  [1m[35m (1.6ms)[0m  [1m[35mDROP TABLE "dashboards"[0m
  [1m[35mSQL (0.6ms)[0m  [1m[31mDELETE FROM "schema_migrations" WHERE "schema_migrations"."version" = $1[0m  [["version", "20180727201157"]]
  [1m[35m (16.0ms)[0m  [1m[35mCOMMIT[0m
  [1m[35m (0.4ms)[0m  [1m[34mSELECT pg_advisory_unlock(4346549080646495835)[0m
  [1m[35m (0.5ms)[0m  [1m[34mSELECT "schema_migrations"."version" FROM "schema_migrations" ORDER BY "schema_migrations"."version" ASC[0m
  [1m[35m (0.8ms)[0m  [1m[34mSELECT "schema_migrations"."version" FROM "schema_migrations" ORDER BY "schema_migrations"."version" ASC[0m
  [1m[35m (0.2ms)[0m  [1m[34mSELECT pg_try_advisory_lock(4346549080646495835)[0m
  [1m[35m (0.3ms)[0m  [1m[34mSELECT "schema_migrations"."version" FROM "schema_migrations" ORDER BY "schema_migrations"."version" ASC[0m
Migrating to CreateUsers (20180724163350)
  [1m[35m (0.3ms)[0m  [1m[35mBEGIN[0m
  [1m[35m (19.5ms)[0m  [1m[35mDROP TABLE "users"[0m
  [1m[35mSQL (0.8ms)[0m  [1m[31mDELETE FROM "schema_migrations" WHERE "schema_migrations"."version" = $1[0m  [["version", "20180724163350"]]
  [1m[35m (22.3ms)[0m  [1m[35mCOMMIT[0m
  [1m[35m (0.4ms)[0m  [1m[34mSELECT pg_advisory_unlock(4346549080646495835)[0m
  [1m[35m (0.4ms)[0m  [1m[34mSELECT "schema_migrations"."version" FROM "schema_migrations" ORDER BY "schema_migrations"."version" ASC[0m
  [1m[35m (0.8ms)[0m  [1m[34mSELECT "schema_migrations"."version" FROM "schema_migrations" ORDER BY "schema_migrations"."version" ASC[0m
  [1m[35m (0.4ms)[0m  [1m[34mSELECT "schema_migrations"."version" FROM "schema_migrations" ORDER BY "schema_migrations"."version" ASC[0m
  [1m[35m (0.8ms)[0m  [1m[34mSELECT "schema_migrations"."version" FROM "schema_migrations" ORDER BY "schema_migrations"."version" ASC[0m
  [1m[35m (0.4ms)[0m  [1m[34mSELECT "schema_migrations"."version" FROM "schema_migrations" ORDER BY "schema_migrations"."version" ASC[0m
  [1m[35m (0.4ms)[0m  [1m[34mSELECT pg_try_advisory_lock(4346549080646495835)[0m
  [1m[35m (0.8ms)[0m  [1m[34mSELECT "schema_migrations"."version" FROM "schema_migrations" ORDER BY "schema_migrations"."version" ASC[0m
Migrating to CreateUsers (20180724163350)
  [1m[35m (0.3ms)[0m  [1m[35mBEGIN[0m
  [1m[35m (298.9ms)[0m  [1m[35mCREATE TABLE "users" ("id" bigserial primary key, "email" character varying NOT NULL, "password" character varying NOT NULL, "username" character varying NOT NULL, "avatar" character varying, "created_at" timestamp NOT NULL, "updated_at" timestamp NOT NULL)[0m
  [1m[35mSQL (0.4ms)[0m  [1m[32mINSERT INTO "schema_migrations" ("version") VALUES ($1) RETURNING "version"[0m  [["version", "20180724163350"]]
  [1m[35m (20.6ms)[0m  [1m[35mCOMMIT[0m
Migrating to CreateDashboards (20180727201157)
  [1m[35m (0.2ms)[0m  [1m[35mBEGIN[0m
  [1m[35m (88.1ms)[0m  [1m[35mCREATE TABLE "dashboards" ("id" bigserial primary key, "title" character varying NOT NULL, "policy" integer, "user_id" bigint, "created_at" timestamp NOT NULL, "updated_at" timestamp NOT NULL)[0m
  [1m[35m (52.9ms)[0m  [1m[35mCREATE  INDEX  "index_dashboards_on_user_id" ON "dashboards"  ("user_id")[0m
  [1m[35mSQL (0.4ms)[0m  [1m[32mINSERT INTO "schema_migrations" ("version") VALUES ($1) RETURNING "version"[0m  [["version", "20180727201157"]]
  [1m[35m (9.4ms)[0m  [1m[35mCOMMIT[0m
Migrating to CreateLists (20180727202847)
  [1m[35m (0.3ms)[0m  [1m[35mBEGIN[0m
  [1m[35m (89.8ms)[0m  [1m[35mCREATE TABLE "lists" ("id" bigserial primary key, "title" character varying NOT NULL, "created_at" timestamp NOT NULL, "updated_at" timestamp NOT NULL)[0m
  [1m[35mSQL (0.4ms)[0m  [1m[32mINSERT INTO "schema_migrations" ("version") VALUES ($1) RETURNING "version"[0m  [["version", "20180727202847"]]
  [1m[35m (18.6ms)[0m  [1m[35mCOMMIT[0m
Migrating to CreateCards (20180727203507)
  [1m[35m (0.3ms)[0m  [1m[35mBEGIN[0m
  [1m[35m (79.7ms)[0m  [1m[35mCREATE TABLE "cards" ("id" bigserial primary key, "lists_id" bigint, "title" character varying NOT NULL, "description" text, "users_id" bigint, "date" timestamp, "created_at" timestamp NOT NULL, "updated_at" timestamp NOT NULL)[0m
  [1m[35m (54.0ms)[0m  [1m[35mCREATE  INDEX  "index_cards_on_lists_id" ON "cards"  ("lists_id")[0m
  [1m[35m (32.1ms)[0m  [1m[35mCREATE  INDEX  "index_cards_on_users_id" ON "cards"  ("users_id")[0m
  [1m[35mSQL (0.4ms)[0m  [1m[32mINSERT INTO "schema_migrations" ("version") VALUES ($1) RETURNING "version"[0m  [["version", "20180727203507"]]
  [1m[35m (16.1ms)[0m  [1m[35mCOMMIT[0m
Migrating to CreateComments (20180727203942)
  [1m[35m (0.3ms)[0m  [1m[35mBEGIN[0m
  [1m[35m (71.2ms)[0m  [1m[35mCREATE TABLE "comments" ("id" bigserial primary key, "card_id" bigint, "user_id" bigint, "comment" character varying, "created_at" timestamp NOT NULL, "updated_at" timestamp NOT NULL)[0m
  [1m[35m (31.7ms)[0m  [1m[35mCREATE  INDEX  "index_comments_on_card_id" ON "comments"  ("card_id")[0m
  [1m[35m (58.5ms)[0m  [1m[35mCREATE  INDEX  "index_comments_on_user_id" ON "comments"  ("user_id")[0m
  [1m[35mSQL (0.4ms)[0m  [1m[32mINSERT INTO "schema_migrations" ("version") VALUES ($1) RETURNING "version"[0m  [["version", "20180727203942"]]
  [1m[35m (9.4ms)[0m  [1m[35mCOMMIT[0m
Migrating to CreateAttachments (20180727204218)
  [1m[35m (0.3ms)[0m  [1m[35mBEGIN[0m
  [1m[35m (106.8ms)[0m  [1m[35mCREATE TABLE "attachments" ("id" bigserial primary key, "title" character varying NOT NULL, "created_at" timestamp NOT NULL, "updated_at" timestamp NOT NULL)[0m
  [1m[35mSQL (0.4ms)[0m  [1m[32mINSERT INTO "schema_migrations" ("version") VALUES ($1) RETURNING "version"[0m  [["version", "20180727204218"]]
  [1m[35m (12.8ms)[0m  [1m[35mCOMMIT[0m
Migrating to CreateAttachmentCards (20180727204414)
  [1m[35m (0.2ms)[0m  [1m[35mBEGIN[0m
  [1m[35m (47.8ms)[0m  [1m[35mCREATE TABLE "attachment_cards" ("id" bigserial primary key, "attachment_id" bigint, "card_id" bigint, "created_at" timestamp NOT NULL, "updated_at" timestamp NOT NULL)[0m
  [1m[35m (56.6ms)[0m  [1m[35mCREATE  INDEX  "index_attachment_cards_on_attachment_id" ON "attachment_cards"  ("attachment_id")[0m
  [1m[35m (41.2ms)[0m  [1m[35mCREATE  INDEX  "index_attachment_cards_on_card_id" ON "attachment_cards"  ("card_id")[0m
  [1m[35mSQL (0.4ms)[0m  [1m[32mINSERT INTO "schema_migrations" ("version") VALUES ($1) RETURNING "version"[0m  [["version", "20180727204414"]]
  [1m[35m (10.6ms)[0m  [1m[35mCOMMIT[0m
Migrating to CreateLabels (20180727204538)
  [1m[35m (0.2ms)[0m  [1m[35mBEGIN[0m
  [1m[35m (76.7ms)[0m  [1m[35mCREATE TABLE "labels" ("id" bigserial primary key, "color" character varying NOT NULL, "name" character varying, "created_at" timestamp NOT NULL, "updated_at" timestamp NOT NULL)[0m
  [1m[35mSQL (0.4ms)[0m  [1m[32mINSERT INTO "schema_migrations" ("version") VALUES ($1) RETURNING "version"[0m  [["version", "20180727204538"]]
  [1m[35m (20.8ms)[0m  [1m[35mCOMMIT[0m
Migrating to CreateDashboardLabels (20180730195700)
  [1m[35m (0.2ms)[0m  [1m[35mBEGIN[0m
  [1m[35m (43.4ms)[0m  [1m[35mCREATE TABLE "dashboard_labels" ("id" bigserial primary key, "dashboard_id" bigint, "label_id" bigint, "created_at" timestamp NOT NULL, "updated_at" timestamp NOT NULL)[0m
  [1m[35m (43.3ms)[0m  [1m[35mCREATE  INDEX  "index_dashboard_labels_on_dashboard_id" ON "dashboard_labels"  ("dashboard_id")[0m
  [1m[35m (32.1ms)[0m  [1m[35mCREATE  INDEX  "index_dashboard_labels_on_label_id" ON "dashboard_labels"  ("label_id")[0m
  [1m[35mSQL (0.4ms)[0m  [1m[32mINSERT INTO "schema_migrations" ("version") VALUES ($1) RETURNING "version"[0m  [["version", "20180730195700"]]
  [1m[35m (19.3ms)[0m  [1m[35mCOMMIT[0m
  [1m[36mActiveRecord::InternalMetadata Load (46.5ms)[0m  [1m[34mSELECT  "ar_internal_metadata".* FROM "ar_internal_metadata" WHERE "ar_internal_metadata"."key" = $1 LIMIT $2[0m  [["key", "environment"], ["LIMIT", 1]]
  [1m[35m (0.3ms)[0m  [1m[35mBEGIN[0m
  [1m[35m (0.2ms)[0m  [1m[35mCOMMIT[0m
  [1m[35m (0.3ms)[0m  [1m[34mSELECT pg_advisory_unlock(4346549080646495835)[0m
  [1m[35m (0.4ms)[0m  [1m[34mSELECT "schema_migrations"."version" FROM "schema_migrations" ORDER BY "schema_migrations"."version" ASC[0m
